This is pdfTeX, Version 3.141592653-2.6-1.40.24 (TeX Live 2022) (preloaded format=pdflatex 2022.11.15)  26 FEB 2023 19:42
entering extended mode
 restricted \write18 enabled.
 %&-line parsing enabled.
**document.tex
(./document.tex
LaTeX2e <2022-11-01>
L3 programming layer <2022-11-02>
(c:/texlive/2022/texmf-dist/tex/latex/base/report.cls
Document Class: report 2022/07/02 v1.4n Standard LaTeX document class
(c:/texlive/2022/texmf-dist/tex/latex/base/size12.clo
File: size12.clo 2022/07/02 v1.4n Standard LaTeX file (size option)
)
\c@part=\count185
\c@chapter=\count186
\c@section=\count187
\c@subsection=\count188
\c@subsubsection=\count189
\c@paragraph=\count190
\c@subparagraph=\count191
\c@figure=\count192
\c@table=\count193
\abovecaptionskip=\skip47
\belowcaptionskip=\skip48
\bibindent=\dimen140
)
(c:/texlive/2022/texmf-dist/tex/latex/titlesec/titlesec.sty
Package: titlesec 2021/07/05 v2.14 Sectioning titles
\ttl@box=\box51
\beforetitleunit=\skip49
\aftertitleunit=\skip50
\ttl@plus=\dimen141
\ttl@minus=\dimen142
\ttl@toksa=\toks16
\titlewidth=\dimen143
\titlewidthlast=\dimen144
\titlewidthfirst=\dimen145
)
(c:/texlive/2022/texmf-dist/tex/latex/xcolor/xcolor.sty
Package: xcolor 2022/06/12 v2.14 LaTeX color extensions (UK)

(c:/texlive/2022/texmf-dist/tex/latex/graphics-cfg/color.cfg
File: color.cfg 2016/01/02 v1.6 sample color configuration
)
Package xcolor Info: Driver file: pdftex.def on input line 227.

(c:/texlive/2022/texmf-dist/tex/latex/graphics-def/pdftex.def
File: pdftex.def 2022/09/22 v1.2b Graphics/color driver for pdftex
)
(c:/texlive/2022/texmf-dist/tex/latex/graphics/mathcolor.ltx)
Package xcolor Info: Model `cmy' substituted by `cmy0' on input line 1353.
Package xcolor Info: Model `hsb' substituted by `rgb' on input line 1357.
Package xcolor Info: Model `RGB' extended on input line 1369.
Package xcolor Info: Model `HTML' substituted by `rgb' on input line 1371.
Package xcolor Info: Model `Hsb' substituted by `hsb' on input line 1372.
Package xcolor Info: Model `tHsb' substituted by `hsb' on input line 1373.
Package xcolor Info: Model `HSB' substituted by `hsb' on input line 1374.
Package xcolor Info: Model `Gray' substituted by `gray' on input line 1375.
Package xcolor Info: Model `wave' substituted by `hsb' on input line 1376.

(c:/texlive/2022/texmf-dist/tex/latex/graphics/dvipsnam.def
File: dvipsnam.def 2016/06/17 v3.0m Driver-dependent file (DPC,SPQR)
))
(c:/texlive/2022/texmf-dist/tex/latex/sectsty/sectsty.sty
Package: sectsty 2002/02/25 v2.0.2 Commands to change all sectional heading sty
les


LaTeX Warning: Command \underbar  has changed.
               Check if current package is valid.


LaTeX Warning: Command \underline  has changed.
               Check if current package is valid.

) (c:/texlive/2022/texmf-dist/tex/latex/psnfss/helvet.sty
Package: helvet 2020/03/25 PSNFSS-v9.3 (WaS) 

(c:/texlive/2022/texmf-dist/tex/latex/graphics/keyval.sty
Package: keyval 2022/05/29 v1.15 key=value parser (DPC)
\KV@toks@=\toks17
))
(c:/texlive/2022/texmf-dist/tex/latex/psnfss/charter.sty
Package: charter 2020/03/25 PSNFSS-v9.3 (P.Dyballa) 
)
(c:/texlive/2022/texmf-dist/tex/latex/hyphenat/hyphenat.sty
Package: hyphenat 2009/09/02 v2.3c hyphenation utilities
\langwohyphens=\language87
LaTeX Info: Redefining \_ on input line 43.
)
LaTeX Font Info:    Trying to load font information for OT1+bch on input line 1
7.

(c:/texlive/2022/texmf-dist/tex/latex/psnfss/ot1bch.fd
File: ot1bch.fd 2004/10/18 font definitions for OT1/bch.
)
(c:/texlive/2022/texmf-dist/tex/latex/l3backend/l3backend-pdftex.def
File: l3backend-pdftex.def 2022-10-26 L3 backend support: PDF output (pdfTeX)
\l__color_backend_stack_int=\count194
\l__pdf_internal_box=\box52
)
(./document.aux)
\openout1 = `document.aux'.

LaTeX Font Info:    Checking defaults for OML/cmm/m/it on input line 17.
LaTeX Font Info:    ... okay on input line 17.
LaTeX Font Info:    Checking defaults for OMS/cmsy/m/n on input line 17.
LaTeX Font Info:    ... okay on input line 17.
LaTeX Font Info:    Checking defaults for OT1/cmr/m/n on input line 17.
LaTeX Font Info:    ... okay on input line 17.
LaTeX Font Info:    Checking defaults for T1/cmr/m/n on input line 17.
LaTeX Font Info:    ... okay on input line 17.
LaTeX Font Info:    Checking defaults for TS1/cmr/m/n on input line 17.
LaTeX Font Info:    ... okay on input line 17.
LaTeX Font Info:    Checking defaults for OMX/cmex/m/n on input line 17.
LaTeX Font Info:    ... okay on input line 17.
LaTeX Font Info:    Checking defaults for U/cmr/m/n on input line 17.
LaTeX Font Info:    ... okay on input line 17.

(c:/texlive/2022/texmf-dist/tex/context/base/mkii/supp-pdf.mkii
[Loading MPS to PDF converter (version 2006.09.02).]
\scratchcounter=\count195
\scratchdimen=\dimen146
\scratchbox=\box53
\nofMPsegments=\count196
\nofMParguments=\count197
\everyMPshowfont=\toks18
\MPscratchCnt=\count198
\MPscratchDim=\dimen147
\MPnumerator=\count199
\makeMPintoPDFobject=\count266
\everyMPtoPDFconversion=\toks19
)
Chapter 1.
LaTeX Font Info:    Trying to load font information for OT1+phv on input line 1
8.
(c:/texlive/2022/texmf-dist/tex/latex/psnfss/ot1phv.fd
File: ot1phv.fd 2020/03/25 scalable font definitions for OT1/phv.
)
LaTeX Font Info:    Trying to load font information for TS1+bch on input line 2
0.

(c:/texlive/2022/texmf-dist/tex/latex/psnfss/ts1bch.fd
File: ts1bch.fd 2004/10/18 font definitions for TS1/bch.
) [1


{c:/texlive/2022/texmf-var/fonts/map/pdftex/updmap/pdftex.map}]
Chapter 2.
[2

] (./document.aux) ) 
Here is how much of TeX's memory you used:
 2159 strings out of 474971
 32543 string characters out of 5780120
 385358 words of memory out of 5000000
 23679 multiletter control sequences out of 15000+600000
 478906 words of font info for 41 fonts, out of 8000000 for 9000
 1141 hyphenation exceptions out of 8191
 40i,5n,48p,174b,192s stack positions out of 10000i,1000n,20000p,200000b,200000s
{c:/texlive/2022/texmf-dist/fonts/enc/dvips/base/8r.enc}<c:
/texlive/2022/texmf-dist/fonts/type1/bitstrea/charter/bchb8a.pfb><c:/texlive/20
22/texmf-dist/fonts/type1/bitstrea/charter/bchr8a.pfb><c:/texlive/2022/texmf-di
st/fonts/type1/urw/helvetic/uhvb8a.pfb>
Output written on document.pdf (2 pages, 34961 bytes).
PDF statistics:
 27 PDF objects out of 1000 (max. 8388607)
 16 compressed objects within 1 object stream
 0 named destinations out of 1000 (max. 500000)
 1 words of extra memory for PDF output out of 10000 (max. 10000000)

